# JRE version: Java(TM) SE Runtime Environment (7.0_67-b01) (build 1.7.0_67-b01)
# Java VM: Java HotSpot(TM) 64-Bit Server VM (24.65-b04 mixed mode windows-amd64 compressed oops)
Heap
 PSYoungGen      total 143360K, used 4664K [0x00000000eb280000, 0x00000000f5280000, 0x0000000100000000)
  eden space 128512K, 3% used [0x00000000eb280000,0x00000000eb70e1c0,0x00000000f3000000)
  from space 14848K, 0% used [0x00000000f3000000,0x00000000f3000000,0x00000000f3e80000)
  to   space 16384K, 0% used [0x00000000f4280000,0x00000000f4280000,0x00000000f5280000)
 ParOldGen       total 42496K, used 23693K [0x00000000c1800000, 0x00000000c4180000, 0x00000000eb280000)
  object space 42496K, 55% used [0x00000000c1800000,0x00000000c2f236f8,0x00000000c4180000)
 PSPermGen       total 37376K, used 18528K [0x00000000bc600000, 0x00000000bea80000, 0x00000000c1800000)
  object space 37376K, 49% used [0x00000000bc600000,0x00000000bd818020,0x00000000bea80000)
GC Heap History (10 events):
Event: 4.384 GC heap before
{Heap before GC invocations=6 (full 0):
 PSYoungGen      total 35328K, used 35328K [0x00000000eb280000, 0x00000000efe80000, 0x0000000100000000)
  eden space 32768K, 100% used [0x00000000eb280000,0x00000000ed280000,0x00000000ed280000)
  from space 2560K, 100% used [0x00000000ed280000,0x00000000ed500000,0x00000000ed500000)
  to   space 6144K, 0% used [0x00000000ef880000,0x00000000ef880000,0x00000000efe80000)
 ParOldGen       total 42496K, used 7934K [0x00000000c1800000, 0x00000000c4180000, 0x00000000eb280000)
  object space 42496K, 18% used [0x00000000c1800000,0x00000000c1fbfb48,0x00000000c4180000)
 PSPermGen       total 21504K, used 12537K [0x00000000bc600000, 0x00000000bdb00000, 0x00000000c1800000)
  object space 21504K, 58% used [0x00000000bc600000,0x00000000bd23e730,0x00000000bdb00000)
Event: 4.391 GC heap after
Heap after GC invocations=6 (full 0):
 PSYoungGen      total 71680K, used 4528K [0x00000000eb280000, 0x00000000efe80000, 0x0000000100000000)
  eden space 65536K, 0% used [0x00000000eb280000,0x00000000eb280000,0x00000000ef280000)
  from space 6144K, 73% used [0x00000000ef880000,0x00000000efcec010,0x00000000efe80000)
  to   space 6144K, 0% used [0x00000000ef280000,0x00000000ef280000,0x00000000ef880000)
 ParOldGen       total 42496K, used 7934K [0x00000000c1800000, 0x00000000c4180000, 0x00000000eb280000)
  object space 42496K, 18% used [0x00000000c1800000,0x00000000c1fbfb48,0x00000000c4180000)
 PSPermGen       total 21504K, used 12537K [0x00000000bc600000, 0x00000000bdb00000, 0x00000000c1800000)
  object space 21504K, 58% used [0x00000000bc600000,0x00000000bd23e730,0x00000000bdb00000)
}
Event: 7.007 GC heap before
{Heap before GC invocations=7 (full 0):
 PSYoungGen      total 71680K, used 70064K [0x00000000eb280000, 0x00000000efe80000, 0x0000000100000000)
  eden space 65536K, 100% used [0x00000000eb280000,0x00000000ef280000,0x00000000ef280000)
  from space 6144K, 73% used [0x00000000ef880000,0x00000000efcec010,0x00000000efe80000)
  to   space 6144K, 0% used [0x00000000ef280000,0x00000000ef280000,0x00000000ef880000)
 ParOldGen       total 42496K, used 7934K [0x00000000c1800000, 0x00000000c4180000, 0x00000000eb280000)
  object space 42496K, 18% used [0x00000000c1800000,0x00000000c1fbfb48,0x00000000c4180000)
 PSPermGen       total 21504K, used 16721K [0x00000000bc600000, 0x00000000bdb00000, 0x00000000c1800000)
  object space 21504K, 77% used [0x00000000bc600000,0x00000000bd654648,0x00000000bdb00000)
Event: 7.025 GC heap after
Heap after GC invocations=7 (full 0):
 PSYoungGen      total 71680K, used 6127K [0x00000000eb280000, 0x00000000f4a80000, 0x0000000100000000)
  eden space 65536K, 0% used [0x00000000eb280000,0x00000000eb280000,0x00000000ef280000)
  from space 6144K, 99% used [0x00000000ef280000,0x00000000ef87bd50,0x00000000ef880000)
  to   space 12288K, 0% used [0x00000000f3e80000,0x00000000f3e80000,0x00000000f4a80000)
 ParOldGen       total 42496K, used 18356K [0x00000000c1800000, 0x00000000c4180000, 0x00000000eb280000)
  object space 42496K, 43% used [0x00000000c1800000,0x00000000c29ed240,0x00000000c4180000)
 PSPermGen       total 21504K, used 16721K [0x00000000bc600000, 0x00000000bdb00000, 0x00000000c1800000)
  object space 21504K, 77% used [0x00000000bc600000,0x00000000bd654648,0x00000000bdb00000)
}
Event: 9.246 GC heap before
{Heap before GC invocations=8 (full 0):
 PSYoungGen      total 71680K, used 71663K [0x00000000eb280000, 0x00000000f4a80000, 0x0000000100000000)
  eden space 65536K, 100% used [0x00000000eb280000,0x00000000ef280000,0x00000000ef280000)
  from space 6144K, 99% used [0x00000000ef280000,0x00000000ef87bd50,0x00000000ef880000)
  to   space 12288K, 0% used [0x00000000f3e80000,0x00000000f3e80000,0x00000000f4a80000)
 ParOldGen       total 42496K, used 18356K [0x00000000c1800000, 0x00000000c4180000, 0x00000000eb280000)
  object space 42496K, 43% used [0x00000000c1800000,0x00000000c29ed240,0x00000000c4180000)
 PSPermGen       total 21504K, used 17535K [0x00000000bc600000, 0x00000000bdb00000, 0x00000000c1800000)
  object space 21504K, 81% used [0x00000000bc600000,0x00000000bd71ff18,0x00000000bdb00000)
Event: 9.264 GC heap after
Heap after GC invocations=8 (full 0):
 PSYoungGen      total 140800K, used 12284K [0x00000000eb280000, 0x00000000f4f80000, 0x0000000100000000)
  eden space 128512K, 0% used [0x00000000eb280000,0x00000000eb280000,0x00000000f3000000)
  from space 12288K, 99% used [0x00000000f3e80000,0x00000000f4a7f1a0,0x00000000f4a80000)
  to   space 14848K, 0% used [0x00000000f3000000,0x00000000f3000000,0x00000000f3e80000)
 ParOldGen       total 42496K, used 20335K [0x00000000c1800000, 0x00000000c4180000, 0x00000000eb280000)
  object space 42496K, 47% used [0x00000000c1800000,0x00000000c2bdbfd0,0x00000000c4180000)
 PSPermGen       total 21504K, used 17535K [0x00000000bc600000, 0x00000000bdb00000, 0x00000000c1800000)
  object space 21504K, 81% used [0x00000000bc600000,0x00000000bd71ff18,0x00000000bdb00000)
}
Event: 11.510 GC heap before
{Heap before GC invocations=9 (full 0):
 PSYoungGen      total 140800K, used 57646K [0x00000000eb280000, 0x00000000f4f80000, 0x0000000100000000)
  eden space 128512K, 35% used [0x00000000eb280000,0x00000000edecc7b8,0x00000000f3000000)
  from space 12288K, 99% used [0x00000000f3e80000,0x00000000f4a7f1a0,0x00000000f4a80000)
  to   space 14848K, 0% used [0x00000000f3000000,0x00000000f3000000,0x00000000f3e80000)
 ParOldGen       total 42496K, used 20335K [0x00000000c1800000, 0x00000000c4180000, 0x00000000eb280000)
  object space 42496K, 47% used [0x00000000c1800000,0x00000000c2bdbfd0,0x00000000c4180000)
 PSPermGen       total 21504K, used 18552K [0x00000000bc600000, 0x00000000bdb00000, 0x00000000c1800000)
  object space 21504K, 86% used [0x00000000bc600000,0x00000000bd81e2b8,0x00000000bdb00000)
Event: 11.526 GC heap after
Heap after GC invocations=9 (full 0):
 PSYoungGen      total 143360K, used 12811K [0x00000000eb280000, 0x00000000f5280000, 0x0000000100000000)
  eden space 128512K, 0% used [0x00000000eb280000,0x00000000eb280000,0x00000000f3000000)
  from space 14848K, 86% used [0x00000000f3000000,0x00000000f3c82f20,0x00000000f3e80000)
  to   space 16384K, 0% used [0x00000000f4280000,0x00000000f4280000,0x00000000f5280000)
 ParOldGen       total 42496K, used 22487K [0x00000000c1800000, 0x00000000c4180000, 0x00000000eb280000)
  object space 42496K, 52% used [0x00000000c1800000,0x00000000c2df5fe0,0x00000000c4180000)
 PSPermGen       total 21504K, used 18552K [0x00000000bc600000, 0x00000000bdb00000, 0x00000000c1800000)
  object space 21504K, 86% used [0x00000000bc600000,0x00000000bd81e2b8,0x00000000bdb00000)
}
Event: 11.526 GC heap before
{Heap before GC invocations=10 (full 1):
 PSYoungGen      total 143360K, used 12811K [0x00000000eb280000, 0x00000000f5280000, 0x0000000100000000)
  eden space 128512K, 0% used [0x00000000eb280000,0x00000000eb280000,0x00000000f3000000)
  from space 14848K, 86% used [0x00000000f3000000,0x00000000f3c82f20,0x00000000f3e80000)
  to   space 16384K, 0% used [0x00000000f4280000,0x00000000f4280000,0x00000000f5280000)
 ParOldGen       total 42496K, used 22487K [0x00000000c1800000, 0x00000000c4180000, 0x00000000eb280000)
  object space 42496K, 52% used [0x00000000c1800000,0x00000000c2df5fe0,0x00000000c4180000)
 PSPermGen       total 21504K, used 18552K [0x00000000bc600000, 0x00000000bdb00000, 0x00000000c1800000)
  object space 21504K, 86% used [0x00000000bc600000,0x00000000bd81e2b8,0x00000000bdb00000)
Event: 11.713 GC heap after
Heap after GC invocations=10 (full 1):
 PSYoungGen      total 143360K, used 0K [0x00000000eb280000, 0x00000000f5280000, 0x0000000100000000)
  eden space 128512K, 0% used [0x00000000eb280000,0x00000000eb280000,0x00000000f3000000)
  from space 14848K, 0% used [0x00000000f3000000,0x00000000f3000000,0x00000000f3e80000)
  to   space 16384K, 0% used [0x00000000f4280000,0x00000000f4280000,0x00000000f5280000)
 ParOldGen       total 42496K, used 23693K [0x00000000c1800000, 0x00000000c4180000, 0x00000000eb280000)
  object space 42496K, 55% used [0x00000000c1800000,0x00000000c2f236f8,0x00000000c4180000)
 PSPermGen       total 37376K, used 18528K [0x00000000bc600000, 0x00000000bea80000, 0x00000000c1800000)
  object space 37376K, 49% used [0x00000000bc600000,0x00000000bd818020,0x00000000bea80000)
}

